[debug] [2021-01-28T08:38:46.144Z] ----------------------------------------------------------------------
[debug] [2021-01-28T08:38:46.152Z] Command:       C:\Program Files\nodejs\node.exe C:\Users\suraj\AppData\Roaming\npm\node_modules\firebase-tools\lib\bin\firebase.js login
[debug] [2021-01-28T08:38:46.154Z] CLI Version:   8.13.1
[debug] [2021-01-28T08:38:46.154Z] Platform:      win32
[debug] [2021-01-28T08:38:46.155Z] Node Version:  v14.9.0
[debug] [2021-01-28T08:38:46.157Z] Time:          Thu Jan 28 2021 14:08:46 GMT+0530 (India Standard Time)
[debug] [2021-01-28T08:38:46.158Z] ----------------------------------------------------------------------
[debug] [2021-01-28T08:38:46.158Z] 
[info] i  Firebase optionally collects CLI usage and error reporting information to help improve our products. Data is collected in accordance with Google's privacy policy (https://policies.google.com/privacy) and is not used to identify you.
 
[info] i  To change your data collection preference at any time, run `firebase logout` and log in again. 
[info] 
[info] Visit this URL on this device to log in:
[info] https://accounts.google.com/o/oauth2/auth?client_id=563584335869-fgrhgmd47bqnekij5i8b5pr03ho849e6.apps.googleusercontent.com&scope=email%20openid%20https%3A%2F%2Fwww.googleapis.com%2Fauth%2Fcloudplatformprojects.readonly%20https%3A%2F%2Fwww.googleapis.com%2Fauth%2Ffirebase%20https%3A%2F%2Fwww.googleapis.com%2Fauth%2Fcloud-platform&response_type=code&state=655338873&redirect_uri=http%3A%2F%2Flocalhost%3A9005
[info] 
[info] Waiting for authentication...
[debug] [2021-01-28T08:39:28.539Z] Error: spawn cmd ENOENT
    at Process.ChildProcess._handle.onexit (internal/child_process.js:268:19)
    at onErrorNT (internal/child_process.js:464:16)
    at processTicksAndRejections (internal/process/task_queues.js:80:21)
[error] 
[error] Error: An unexpected error has occurred.
[debug] [2021-01-28T08:42:25.553Z] ----------------------------------------------------------------------
[debug] [2021-01-28T08:42:25.555Z] Command:       C:\Program Files\nodejs\node.exe C:\Users\suraj\AppData\Roaming\npm\node_modules\firebase-tools\lib\bin\firebase.js login
[debug] [2021-01-28T08:42:25.555Z] CLI Version:   9.2.2
[debug] [2021-01-28T08:42:25.556Z] Platform:      win32
[debug] [2021-01-28T08:42:25.556Z] Node Version:  v14.9.0
[debug] [2021-01-28T08:42:25.556Z] Time:          Thu Jan 28 2021 14:12:25 GMT+0530 (India Standard Time)
[debug] [2021-01-28T08:42:25.556Z] ----------------------------------------------------------------------
[debug] [2021-01-28T08:42:25.556Z] 
[info] i  Firebase optionally collects CLI usage and error reporting information to help improve our products. Data is collected in accordance with Google's privacy policy (https://policies.google.com/privacy) and is not used to identify you.
 
[info] i  To change your data collection preference at any time, run `firebase logout` and log in again. 
[info] 
[info] Visit this URL on this device to log in:
[info] https://accounts.google.com/o/oauth2/auth?client_id=563584335869-fgrhgmd47bqnekij5i8b5pr03ho849e6.apps.googleusercontent.com&scope=email%20openid%20https%3A%2F%2Fwww.googleapis.com%2Fauth%2Fcloudplatformprojects.readonly%20https%3A%2F%2Fwww.googleapis.com%2Fauth%2Ffirebase%20https%3A%2F%2Fwww.googleapis.com%2Fauth%2Fcloud-platform&response_type=code&state=374015116&redirect_uri=http%3A%2F%2Flocalhost%3A9005
[info] 
[info] Waiting for authentication...
[debug] [2021-01-28T08:42:30.075Z] Error: spawn cmd ENOENT
    at Process.ChildProcess._handle.onexit (internal/child_process.js:268:19)
    at onErrorNT (internal/child_process.js:464:16)
    at processTicksAndRejections (internal/process/task_queues.js:80:21)
[error] 
[error] Error: An unexpected error has occurred.
